This is pdfTeX, Version 3.14159265-2.6-1.40.19 (MiKTeX 2.9.6880 64-bit) (preloaded format=pdflatex 2018.12.12)  12 DEC 2018 19:43
entering extended mode
**./main.tex
(main.tex
LaTeX2e <2018-04-01> patch level 5
("C:\Program Files\MiKTeX 2.9\tex\latex\base\article.cls"
Document Class: article 2014/09/29 v1.4h Standard LaTeX document class
("C:\Program Files\MiKTeX 2.9\tex\latex\base\size10.clo"
File: size10.clo 2014/09/29 v1.4h Standard LaTeX file (size option)
)
\c@part=\count80
\c@section=\count81
\c@subsection=\count82
\c@subsubsection=\count83
\c@paragraph=\count84
\c@subparagraph=\count85
\c@figure=\count86
\c@table=\count87
\abovecaptionskip=\skip41
\belowcaptionskip=\skip42
\bibindent=\dimen102
)
("C:\Program Files\MiKTeX 2.9\tex\latex\base\inputenc.sty"
Package: inputenc 2018/04/06 v1.3b Input encoding file
\inpenc@prehook=\toks14
\inpenc@posthook=\toks15
)
("C:\Program Files\MiKTeX 2.9\tex\latex\geometry\geometry.sty"
Package: geometry 2018/04/16 v5.8 Page Geometry

("C:\Program Files\MiKTeX 2.9\tex\latex\graphics\keyval.sty"
Package: keyval 2014/10/28 v1.15 key=value parser (DPC)
\KV@toks@=\toks16
)
("C:\Program Files\MiKTeX 2.9\tex\generic\oberdiek\ifpdf.sty"
Package: ifpdf 2018/09/07 v3.3 Provides the ifpdf switch
)
("C:\Program Files\MiKTeX 2.9\tex\generic\oberdiek\ifvtex.sty"
Package: ifvtex 2016/05/16 v1.6 Detect VTeX and its facilities (HO)
Package ifvtex Info: VTeX not detected.
)
("C:\Program Files\MiKTeX 2.9\tex\generic\ifxetex\ifxetex.sty"
Package: ifxetex 2010/09/12 v0.6 Provides ifxetex conditional
)
\Gm@cnth=\count88
\Gm@cntv=\count89
\c@Gm@tempcnt=\count90
\Gm@bindingoffset=\dimen103
\Gm@wd@mp=\dimen104
\Gm@odd@mp=\dimen105
\Gm@even@mp=\dimen106
\Gm@layoutwidth=\dimen107
\Gm@layoutheight=\dimen108
\Gm@layouthoffset=\dimen109
\Gm@layoutvoffset=\dimen110
\Gm@dimlist=\toks17

("C:\Program Files\MiKTeX 2.9\tex\latex\geometry\geometry.cfg"))
("C:\Program Files\MiKTeX 2.9\tex\latex\setspace\setspace.sty"
Package: setspace 2011/12/19 v6.7a set line spacing
)
("C:\Program Files\MiKTeX 2.9\tex\latex\titlesec\titlesec.sty"
Package: titlesec 2016/03/21 v2.10.2 Sectioning titles
\ttl@box=\box26
\beforetitleunit=\skip43
\aftertitleunit=\skip44
\ttl@plus=\dimen111
\ttl@minus=\dimen112
\ttl@toksa=\toks18
\titlewidth=\dimen113
\titlewidthlast=\dimen114
\titlewidthfirst=\dimen115
)
("C:\Program Files\MiKTeX 2.9\tex\latex\titlesec\block.tss"
File: block.tss 2016/03/15
)
("C:\Program Files\MiKTeX 2.9\tex\latex\graphics\graphicx.sty"
Package: graphicx 2017/06/01 v1.1a Enhanced LaTeX Graphics (DPC,SPQR)

("C:\Program Files\MiKTeX 2.9\tex\latex\graphics\graphics.sty"
Package: graphics 2017/06/25 v1.2c Standard LaTeX Graphics (DPC,SPQR)

("C:\Program Files\MiKTeX 2.9\tex\latex\graphics\trig.sty"
Package: trig 2016/01/03 v1.10 sin cos tan (DPC)
)
("C:\Program Files\MiKTeX 2.9\tex\latex\graphics-cfg\graphics.cfg"
File: graphics.cfg 2016/06/04 v1.11 sample graphics configuration
)
Package graphics Info: Driver file: pdftex.def on input line 99.

("C:\Program Files\MiKTeX 2.9\tex\latex\graphics-def\pdftex.def"
File: pdftex.def 2018/01/08 v1.0l Graphics/color driver for pdftex
))
\Gin@req@height=\dimen116
\Gin@req@width=\dimen117
)
("C:\Program Files\MiKTeX 2.9\tex\latex\float\float.sty"
Package: float 2001/11/08 v1.3d Float enhancements (AL)
\c@float@type=\count91
\float@exts=\toks19
\float@box=\box27
\@float@everytoks=\toks20
\@floatcapt=\box28
)
("C:\Program Files\MiKTeX 2.9\tex\latex\enumitem\enumitem.sty"
Package: enumitem 2018/11/30 v3.6 Customized lists
\labelindent=\skip45
\enit@outerparindent=\dimen118
\enit@toks=\toks21
\enit@inbox=\box29
\enitdp@description=\count92
)
("C:\Program Files\MiKTeX 2.9\tex\latex\pdfpages\pdfpages.sty"
Package: pdfpages 2017/10/31 v0.5l Insert pages of external PDF documents (AM)

("C:\Program Files\MiKTeX 2.9\tex\latex\base\ifthen.sty"
Package: ifthen 2014/09/29 v1.1c Standard LaTeX ifthen package (DPC)
)
("C:\Program Files\MiKTeX 2.9\tex\latex\tools\calc.sty"
Package: calc 2017/05/25 v4.3 Infix arithmetic (KKT,FJ)
\calc@Acount=\count93
\calc@Bcount=\count94
\calc@Adimen=\dimen119
\calc@Bdimen=\dimen120
\calc@Askip=\skip46
\calc@Bskip=\skip47
LaTeX Info: Redefining \setlength on input line 80.
LaTeX Info: Redefining \addtolength on input line 81.
\calc@Ccount=\count95
\calc@Cskip=\skip48
)
("C:\Program Files\MiKTeX 2.9\tex\latex\eso-pic\eso-pic.sty"
Package: eso-pic 2018/04/12 v2.0h eso-pic (RN)

("C:\Program Files\MiKTeX 2.9\tex\generic\oberdiek\atbegshi.sty"
Package: atbegshi 2016/06/09 v1.18 At begin shipout hook (HO)

("C:\Program Files\MiKTeX 2.9\tex\generic\oberdiek\infwarerr.sty"
Package: infwarerr 2016/05/16 v1.4 Providing info/warning/error messages (HO)
)
("C:\Program Files\MiKTeX 2.9\tex\generic\oberdiek\ltxcmds.sty"
Package: ltxcmds 2016/05/16 v1.23 LaTeX kernel commands for general use (HO)
))
("C:\Program Files\MiKTeX 2.9\tex\latex\xcolor\xcolor.sty"
Package: xcolor 2016/05/11 v2.12 LaTeX color extensions (UK)

("C:\Program Files\MiKTeX 2.9\tex\latex\graphics-cfg\color.cfg"
File: color.cfg 2016/01/02 v1.6 sample color configuration
)
Package xcolor Info: Driver file: pdftex.def on input line 225.
Package xcolor Info: Model `cmy' substituted by `cmy0' on input line 1348.
Package xcolor Info: Model `hsb' substituted by `rgb' on input line 1352.
Package xcolor Info: Model `RGB' extended on input line 1364.
Package xcolor Info: Model `HTML' substituted by `rgb' on input line 1366.
Package xcolor Info: Model `Hsb' substituted by `hsb' on input line 1367.
Package xcolor Info: Model `tHsb' substituted by `hsb' on input line 1368.
Package xcolor Info: Model `HSB' substituted by `hsb' on input line 1369.
Package xcolor Info: Model `Gray' substituted by `gray' on input line 1370.
Package xcolor Info: Model `wave' substituted by `hsb' on input line 1371.
))
\AM@pagewidth=\dimen121
\AM@pageheight=\dimen122

("C:\Program Files\MiKTeX 2.9\tex\latex\pdfpages\pppdftex.def"
File: pppdftex.def 2017/10/31 v0.5l Pdfpages driver for pdfTeX (AM)
)
\AM@pagebox=\box30
\AM@global@opts=\toks22
\AM@toc@title=\toks23
\c@AM@survey=\count96
\AM@templatesizebox=\box31
)
("C:\Program Files\MiKTeX 2.9\tex\latex\was\gensymb.sty"
Package: gensymb 2003/07/02 v1.0 (WaS)
) (main.aux)
\openout1 = `main.aux'.

LaTeX Font Info:    Checking defaults for OML/cmm/m/it on input line 21.
LaTeX Font Info:    ... okay on input line 21.
LaTeX Font Info:    Checking defaults for T1/cmr/m/n on input line 21.
LaTeX Font Info:    ... okay on input line 21.
LaTeX Font Info:    Checking defaults for OT1/cmr/m/n on input line 21.
LaTeX Font Info:    ... okay on input line 21.
LaTeX Font Info:    Checking defaults for OMS/cmsy/m/n on input line 21.
LaTeX Font Info:    ... okay on input line 21.
LaTeX Font Info:    Checking defaults for OMX/cmex/m/n on input line 21.
LaTeX Font Info:    ... okay on input line 21.
LaTeX Font Info:    Checking defaults for U/cmr/m/n on input line 21.
LaTeX Font Info:    ... okay on input line 21.

*geometry* driver: auto-detecting
*geometry* detected driver: pdftex
*geometry* verbose mode - [ preamble ] result:
* driver: pdftex
* paper: <default>
* layout: <same size as paper>
* layoutoffset:(h,v)=(0.0pt,0.0pt)
* modes: 
* h-part:(L,W,R)=(72.26999pt, 469.75502pt, 72.26999pt)
* v-part:(T,H,B)=(72.26999pt, 650.43001pt, 72.26999pt)
* \paperwidth=614.295pt
* \paperheight=794.96999pt
* \textwidth=469.75502pt
* \textheight=650.43001pt
* \oddsidemargin=0.0pt
* \evensidemargin=0.0pt
* \topmargin=-37.0pt
* \headheight=12.0pt
* \headsep=25.0pt
* \topskip=10.0pt
* \footskip=30.0pt
* \marginparwidth=65.0pt
* \marginparsep=11.0pt
* \columnsep=10.0pt
* \skip\footins=9.0pt plus 4.0pt minus 2.0pt
* \hoffset=0.0pt
* \voffset=0.0pt
* \mag=1000
* \@twocolumnfalse
* \@twosidefalse
* \@mparswitchfalse
* \@reversemarginfalse
* (1in=72.27pt=25.4mm, 1cm=28.453pt)

("C:\Program Files\MiKTeX 2.9\tex\context\base\supp-pdf.mkii"
[Loading MPS to PDF converter (version 2006.09.02).]
\scratchcounter=\count97
\scratchdimen=\dimen123
\scratchbox=\box32
\nofMPsegments=\count98
\nofMParguments=\count99
\everyMPshowfont=\toks24
\MPscratchCnt=\count100
\MPscratchDim=\dimen124
\MPnumerator=\count101
\makeMPintoPDFobject=\count102
\everyMPtoPDFconversion=\toks25
) ("C:\Program Files\MiKTeX 2.9\tex\latex\oberdiek\epstopdf-base.sty"
Package: epstopdf-base 2016/05/15 v2.6 Base part for package epstopdf

("C:\Program Files\MiKTeX 2.9\tex\latex\oberdiek\grfext.sty"
Package: grfext 2016/05/16 v1.2 Manage graphics extensions (HO)

("C:\Program Files\MiKTeX 2.9\tex\generic\oberdiek\kvdefinekeys.sty"
Package: kvdefinekeys 2016/05/16 v1.4 Define keys (HO)
))
("C:\Program Files\MiKTeX 2.9\tex\latex\oberdiek\kvoptions.sty"
Package: kvoptions 2016/05/16 v3.12 Key value format for package options (HO)

("C:\Program Files\MiKTeX 2.9\tex\generic\oberdiek\kvsetkeys.sty"
Package: kvsetkeys 2016/05/16 v1.17 Key value parser (HO)

("C:\Program Files\MiKTeX 2.9\tex\generic\oberdiek\etexcmds.sty"
Package: etexcmds 2016/05/16 v1.6 Avoid name clashes with e-TeX commands (HO)

("C:\Program Files\MiKTeX 2.9\tex\generic\oberdiek\ifluatex.sty"
Package: ifluatex 2016/05/16 v1.4 Provides the ifluatex switch (HO)
Package ifluatex Info: LuaTeX not detected.
))))
("C:\Program Files\MiKTeX 2.9\tex\generic\oberdiek\pdftexcmds.sty"
Package: pdftexcmds 2018/09/10 v0.29 Utility functions of pdfTeX for LuaTeX (HO
)
Package pdftexcmds Info: LuaTeX not detected.
Package pdftexcmds Info: \pdf@primitive is available.
Package pdftexcmds Info: \pdf@ifprimitive is available.
Package pdftexcmds Info: \pdfdraftmode found.
)
Package epstopdf-base Info: Redefining graphics rule for `.eps' on input line 4
38.
Package grfext Info: Graphics extension search list:
(grfext)             [.pdf,.png,.jpg,.mps,.jpeg,.jbig2,.jb2,.PDF,.PNG,.JPG,.JPE
G,.JBIG2,.JB2,.eps]
(grfext)             \AppendGraphicsExtensions on input line 456.
)
\AtBeginShipoutBox=\box33

("C:\Program Files\MiKTeX 2.9\tex\latex\oberdiek\pdflscape.sty"
Package: pdflscape 2016/05/14 v0.11 Display of landscape pages in PDF (HO)

("C:\Program Files\MiKTeX 2.9\tex\latex\graphics\lscape.sty"
Package: lscape 2000/10/22 v3.01 Landscape Pages (DPC)
)
Package pdflscape Info: Auto-detected driver: pdftex on input line 81.
)
LaTeX Info: Redefining \celsius on input line 21.
Package gensymb Info: Faking symbols for \degree and \celsius on input line 21.



Package gensymb Warning: Not defining \perthousand.

LaTeX Info: Redefining \ohm on input line 21.
Package gensymb Info: Using \Omega for \ohm on input line 21.

Package gensymb Warning: Not defining \micro.

LaTeX Font Info:    External font `cmex10' loaded for size
(Font)              <12> on input line 23.
LaTeX Font Info:    External font `cmex10' loaded for size
(Font)              <8> on input line 23.
LaTeX Font Info:    External font `cmex10' loaded for size
(Font)              <6> on input line 23.
<SlugnificantSeven/Pictures/SlugnificantSevenSplashBig.png, id=1, 3312.375pt x 
2017.5375pt>
File: SlugnificantSeven/Pictures/SlugnificantSevenSplashBig.png Graphic file (t
ype png)
<use SlugnificantSeven/Pictures/SlugnificantSevenSplashBig.png>
Package pdftex.def Info: SlugnificantSeven/Pictures/SlugnificantSevenSplashBig.
png  used on input line 27.
(pdftex.def)             Requested size: 397.46785pt x 242.09406pt.
[1

{C:/Users/Barron Wong/AppData/Local/MiKTeX/2.9/pdftex/config/pdftex.map} <./Slu
gnificantSeven/Pictures/SlugnificantSevenSplashBig.png (PNG copy)>] (main.toc
LaTeX Font Info:    External font `cmex10' loaded for size
(Font)              <7> on input line 2.
LaTeX Font Info:    External font `cmex10' loaded for size
(Font)              <5> on input line 2.
)
\tf@toc=\write3
\openout3 = `main.toc'.

 [2]
<SlugnificantSeven/Pictures/Mech_block_diagram.png, id=15, 1260.71pt x 1033.862
5pt>
File: SlugnificantSeven/Pictures/Mech_block_diagram.png Graphic file (type png)

<use SlugnificantSeven/Pictures/Mech_block_diagram.png>
Package pdftex.def Info: SlugnificantSeven/Pictures/Mech_block_diagram.png  use
d on input line 60.
(pdftex.def)             Requested size: 441.25511pt x 361.8573pt.
 [3]
LaTeX Font Info:    Try loading font information for OMS+cmr on input line 68.
 ("C:\Program Files\MiKTeX 2.9\tex\latex\base\omscmr.fd"
File: omscmr.fd 2014/09/29 v2.5h Standard LaTeX font definitions
)
LaTeX Font Info:    Font shape `OMS/cmr/m/n' in size <10> not available
(Font)              Font shape `OMS/cmsy/m/n' tried instead on input line 68.
 [4 <./SlugnificantSeven/Pictures/Mech_block_diagram.png>]
<SlugnificantSeven/Pictures/MotorizedPlatform.PNG, id=24, 839.63687pt x 649.426
25pt>
File: SlugnificantSeven/Pictures/MotorizedPlatform.PNG Graphic file (type png)
<use SlugnificantSeven/Pictures/MotorizedPlatform.PNG>
Package pdftex.def Info: SlugnificantSeven/Pictures/MotorizedPlatform.PNG  used
 on input line 94.
(pdftex.def)             Requested size: 361.34999pt x 279.48567pt.
 [5 <./SlugnificantSeven/Pictures/MotorizedPlatform.PNG>]
<SlugnificantSeven/Pictures/MotorMounting.PNG, id=29, 866.23625pt x 572.63937pt
>
File: SlugnificantSeven/Pictures/MotorMounting.PNG Graphic file (type png)
<use SlugnificantSeven/Pictures/MotorMounting.PNG>
Package pdftex.def Info: SlugnificantSeven/Pictures/MotorMounting.PNG  used on 
input line 104.
(pdftex.def)             Requested size: 289.07999pt x 191.10359pt.
<SlugnificantSeven/Pictures/Skids.PNG, id=30, 670.505pt x 379.4175pt>
File: SlugnificantSeven/Pictures/Skids.PNG Graphic file (type png)
<use SlugnificantSeven/Pictures/Skids.PNG>
Package pdftex.def Info: SlugnificantSeven/Pictures/Skids.PNG  used on input li
ne 114.
(pdftex.def)             Requested size: 289.07999pt x 163.58055pt.
 [6 <./SlugnificantSeven/Pictures/MotorMounting.PNG>]
<SlugnificantSeven/Pictures/BumperV1.PNG, id=35, 665.98813pt x 490.33188pt>
File: SlugnificantSeven/Pictures/BumperV1.PNG Graphic file (type png)
<use SlugnificantSeven/Pictures/BumperV1.PNG>
Package pdftex.def Info: SlugnificantSeven/Pictures/BumperV1.PNG  used on input
 line 124.
(pdftex.def)             Requested size: 289.07999pt x 212.83624pt.
<SlugnificantSeven/Pictures/BumperSwitches.JPG, id=36, 2483.2775pt x 1689.31125
pt>
File: SlugnificantSeven/Pictures/BumperSwitches.JPG Graphic file (type jpg)
<use SlugnificantSeven/Pictures/BumperSwitches.JPG>
Package pdftex.def Info: SlugnificantSeven/Pictures/BumperSwitches.JPG  used on
 input line 133.
(pdftex.def)             Requested size: 289.07999pt x 196.65106pt.

[7 <./SlugnificantSeven/Pictures/Skids.PNG> <./SlugnificantSeven/Pictures/Bumpe
rV1.PNG>]
<SlugnificantSeven/Pictures/BumperV2.PNG, id=43, 732.23563pt x 611.28375pt>
File: SlugnificantSeven/Pictures/BumperV2.PNG Graphic file (type png)
<use SlugnificantSeven/Pictures/BumperV2.PNG>
Package pdftex.def Info: SlugnificantSeven/Pictures/BumperV2.PNG  used on input
 line 143.
(pdftex.def)             Requested size: 289.07999pt x 241.3285pt.
<SlugnificantSeven/Pictures/MotorizedPlatformComplete.jpg, id=44, 2732.2075pt x
 2178.1375pt>
File: SlugnificantSeven/Pictures/MotorizedPlatformComplete.jpg Graphic file (ty
pe jpg)
<use SlugnificantSeven/Pictures/MotorizedPlatformComplete.jpg>
Package pdftex.def Info: SlugnificantSeven/Pictures/MotorizedPlatformComplete.j
pg  used on input line 152.
(pdftex.def)             Requested size: 289.07999pt x 230.45605pt.
 [8 <./SlugnificantSeven/Pictures/BumperSwitches.JPG> <./SlugnificantSeven/Pict
ures/BumperV2.PNG>]
<SlugnificantSeven/Pictures/TopLayer.PNG, id=49, 840.64063pt x 648.92438pt>
File: SlugnificantSeven/Pictures/TopLayer.PNG Graphic file (type png)
<use SlugnificantSeven/Pictures/TopLayer.PNG>
Package pdftex.def Info: SlugnificantSeven/Pictures/TopLayer.PNG  used on input
 line 162.
(pdftex.def)             Requested size: 361.34999pt x 278.94292pt.
 [9 <./SlugnificantSeven/Pictures/MotorizedPlatformComplete.jpg>]
<SlugnificantSeven/Pictures/TopLayerMounting.PNG, id=53, 747.29187pt x 473.2681
3pt>
File: SlugnificantSeven/Pictures/TopLayerMounting.PNG Graphic file (type png)
<use SlugnificantSeven/Pictures/TopLayerMounting.PNG>
Package pdftex.def Info: SlugnificantSeven/Pictures/TopLayerMounting.PNG  used 
on input line 172.
(pdftex.def)             Requested size: 361.34999pt x 228.84872pt.
 [10 <./SlugnificantSeven/Pictures/TopLayer.PNG>]
<SlugnificantSeven/Pictures/BeaconMount.PNG, id=58, 855.69687pt x 632.86438pt>
File: SlugnificantSeven/Pictures/BeaconMount.PNG Graphic file (type png)
<use SlugnificantSeven/Pictures/BeaconMount.PNG>
Package pdftex.def Info: SlugnificantSeven/Pictures/BeaconMount.PNG  used on in
put line 182.
(pdftex.def)             Requested size: 361.34999pt x 267.24974pt.
 [11 <./SlugnificantSeven/Pictures/TopLayerMounting.PNG>]
<SlugnificantSeven/Pictures/TopLayerFiringMechMount.PNG, id=63, 613.79312pt x 4
41.14813pt>
File: SlugnificantSeven/Pictures/TopLayerFiringMechMount.PNG Graphic file (type
 png)
<use SlugnificantSeven/Pictures/TopLayerFiringMechMount.PNG>
Package pdftex.def Info: SlugnificantSeven/Pictures/TopLayerFiringMechMount.PNG
  used on input line 197.
(pdftex.def)             Requested size: 361.34999pt x 259.7097pt.
 [12 <./SlugnificantSeven/Pictures/BeaconMount.PNG>]
<SlugnificantSeven/Pictures/TopLayerComplete.jpg, id=68, 2525.435pt x 2845.6312
6pt>
File: SlugnificantSeven/Pictures/TopLayerComplete.jpg Graphic file (type jpg)
<use SlugnificantSeven/Pictures/TopLayerComplete.jpg>
Package pdftex.def Info: SlugnificantSeven/Pictures/TopLayerComplete.jpg  used 
on input line 206.
(pdftex.def)             Requested size: 361.34999pt x 407.15666pt.
 [13 <./SlugnificantSeven/Pictures/TopLayerFiringMechMount.PNG>]
<SlugnificantSeven/Pictures/FiringAssemblyDrawing.PNG, id=74, 845.65938pt x 654
.445pt>
File: SlugnificantSeven/Pictures/FiringAssemblyDrawing.PNG Graphic file (type p
ng)
<use SlugnificantSeven/Pictures/FiringAssemblyDrawing.PNG>
Package pdftex.def Info: SlugnificantSeven/Pictures/FiringAssemblyDrawing.PNG  
used on input line 218.
(pdftex.def)             Requested size: 361.34999pt x 279.63834pt.

[14 <./SlugnificantSeven/Pictures/TopLayerComplete.jpg>]
<SlugnificantSeven/Pictures/FiringPlatformCAD.PNG, id=78, 798.48312pt x 538.01p
t>
File: SlugnificantSeven/Pictures/FiringPlatformCAD.PNG Graphic file (type png)
<use SlugnificantSeven/Pictures/FiringPlatformCAD.PNG>
Package pdftex.def Info: SlugnificantSeven/Pictures/FiringPlatformCAD.PNG  used
 on input line 228.
(pdftex.def)             Requested size: 361.34999pt x 243.47322pt.
 [15 <./SlugnificantSeven/Pictures/FiringAssemblyDrawing.PNG>]
<SlugnificantSeven/Pictures/ServoMountCAD.PNG, id=83, 448.17438pt x 645.41125pt
>
File: SlugnificantSeven/Pictures/ServoMountCAD.PNG Graphic file (type png)
<use SlugnificantSeven/Pictures/ServoMountCAD.PNG>
Package pdftex.def Info: SlugnificantSeven/Pictures/ServoMountCAD.PNG  used on 
input line 237.
(pdftex.def)             Requested size: 150.55136pt x 216.81pt.
 [16 <./SlugnificantSeven/Pictures/FiringPlatformCAD.PNG> <./SlugnificantSeven/
Pictures/ServoMountCAD.PNG>]
<SlugnificantSeven/Pictures/FiringMechanismCAD.PNG, id=89, 734.24312pt x 461.22
313pt>
File: SlugnificantSeven/Pictures/FiringMechanismCAD.PNG Graphic file (type png)

<use SlugnificantSeven/Pictures/FiringMechanismCAD.PNG>
Package pdftex.def Info: SlugnificantSeven/Pictures/FiringMechanismCAD.PNG  use
d on input line 248.
(pdftex.def)             Requested size: 361.34999pt x 226.98659pt.
<SlugnificantSeven/Pictures/FiringMechanismProto.JPG, id=90, 2803.47375pt x 214
8.025pt>
File: SlugnificantSeven/Pictures/FiringMechanismProto.JPG Graphic file (type jp
g)
<use SlugnificantSeven/Pictures/FiringMechanismProto.JPG>
Package pdftex.def Info: SlugnificantSeven/Pictures/FiringMechanismProto.JPG  u
sed on input line 257.
(pdftex.def)             Requested size: 361.34999pt x 276.8604pt.
 [17 <./SlugnificantSeven/Pictures/FiringMechanismCAD.PNG>]
<SlugnificantSeven/Pictures/HopperCAD.PNG, id=95, 701.62125pt x 614.295pt>
File: SlugnificantSeven/Pictures/HopperCAD.PNG Graphic file (type png)
<use SlugnificantSeven/Pictures/HopperCAD.PNG>
Package pdftex.def Info: SlugnificantSeven/Pictures/HopperCAD.PNG  used on inpu
t line 269.
(pdftex.def)             Requested size: 361.34999pt x 316.37952pt.
 [18 <./SlugnificantSeven/Pictures/FiringMechanismProto.JPG>]
<SlugnificantSeven/Pictures/HopperFeedCAD.PNG, id=99, 503.38063pt x 541.02126pt
>
File: SlugnificantSeven/Pictures/HopperFeedCAD.PNG Graphic file (type png)
<use SlugnificantSeven/Pictures/HopperFeedCAD.PNG>
Package pdftex.def Info: SlugnificantSeven/Pictures/HopperFeedCAD.PNG  used on 
input line 278.
(pdftex.def)             Requested size: 361.34999pt x 388.371pt.
 [19 <./SlugnificantSeven/Pictures/HopperCAD.PNG>]
<SlugnificantSeven/Pictures/ShootLoadStep1.PNG, id=105, 703.62875pt x 602.25pt>

File: SlugnificantSeven/Pictures/ShootLoadStep1.PNG Graphic file (type png)
<use SlugnificantSeven/Pictures/ShootLoadStep1.PNG>
Package pdftex.def Info: SlugnificantSeven/Pictures/ShootLoadStep1.PNG  used on
 input line 291.
(pdftex.def)             Requested size: 361.34999pt x 309.2846pt.
[20 <./SlugnificantSeven/Pictures/HopperFeedCAD.PNG>]
<SlugnificantSeven/Pictures/ShootLoadStep2.PNG, id=110, 726.21312pt x 598.235pt
>
File: SlugnificantSeven/Pictures/ShootLoadStep2.PNG Graphic file (type png)
<use SlugnificantSeven/Pictures/ShootLoadStep2.PNG>
Package pdftex.def Info: SlugnificantSeven/Pictures/ShootLoadStep2.PNG  used on
 input line 300.
(pdftex.def)             Requested size: 361.34999pt x 297.67448pt.
 [21 <./SlugnificantSeven/Pictures/ShootLoadStep1.PNG>]
<SlugnificantSeven/Pictures/ShootLoadStep3.PNG, id=115, 739.76375pt x 607.26875
pt>
File: SlugnificantSeven/Pictures/ShootLoadStep3.PNG Graphic file (type png)
<use SlugnificantSeven/Pictures/ShootLoadStep3.PNG>
Package pdftex.def Info: SlugnificantSeven/Pictures/ShootLoadStep3.PNG  used on
 input line 309.
(pdftex.def)             Requested size: 361.34999pt x 296.6284pt.
 [22 <./SlugnificantSeven/Pictures/ShootLoadStep2.PNG>]
<SlugnificantSeven/Pictures/M1N-5P3CDrawing.PNG, id=121, 943.525pt x 728.7225pt
>
File: SlugnificantSeven/Pictures/M1N-5P3CDrawing.PNG Graphic file (type png)
<use SlugnificantSeven/Pictures/M1N-5P3CDrawing.PNG>
Package pdftex.def Info: SlugnificantSeven/Pictures/M1N-5P3CDrawing.PNG  used o
n input line 320.
(pdftex.def)             Requested size: 433.62pt x 334.90508pt.
 [23 <./SlugnificantSeven/Pictures/ShootLoadStep3.PNG>]
<SlugnificantSeven/Pictures/FinalCad1.PNG, id=126, 717.17938pt x 637.88312pt>
File: SlugnificantSeven/Pictures/FinalCad1.PNG Graphic file (type png)
<use SlugnificantSeven/Pictures/FinalCad1.PNG>
Package pdftex.def Info: SlugnificantSeven/Pictures/FinalCad1.PNG  used on inpu
t line 327.
(pdftex.def)             Requested size: 289.07999pt x 257.12459pt.
 [24 <./SlugnificantSeven/Pictures/M1N-5P3CDrawing.PNG>]
<SlugnificantSeven/Pictures/FinalCad2.PNG, id=131, 664.98438pt x 643.40375pt>
File: SlugnificantSeven/Pictures/FinalCad2.PNG Graphic file (type png)
<use SlugnificantSeven/Pictures/FinalCad2.PNG>
Package pdftex.def Info: SlugnificantSeven/Pictures/FinalCad2.PNG  used on inpu
t line 334.
(pdftex.def)             Requested size: 289.07999pt x 279.70164pt.
<SlugnificantSeven/Pictures/FinalCad3.PNG, id=132, 732.7375pt x 649.92813pt>
File: SlugnificantSeven/Pictures/FinalCad3.PNG Graphic file (type png)
<use SlugnificantSeven/Pictures/FinalCad3.PNG>
Package pdftex.def Info: SlugnificantSeven/Pictures/FinalCad3.PNG  used on inpu
t line 341.
(pdftex.def)             Requested size: 289.07999pt x 256.4064pt.
 [25 <./SlugnificantSeven/Pictures/FinalCad1.PNG> <./SlugnificantSeven/Pictures
/FinalCad2.PNG>]
<SlugnificantSeven/Pictures/FinalCad4.PNG, id=139, 668.4975pt x 625.83812pt>
File: SlugnificantSeven/Pictures/FinalCad4.PNG Graphic file (type png)
<use SlugnificantSeven/Pictures/FinalCad4.PNG>
Package pdftex.def Info: SlugnificantSeven/Pictures/FinalCad4.PNG  used on inpu
t line 348.
(pdftex.def)             Requested size: 289.07999pt x 270.64261pt.
 [26 <./SlugnificantSeven/Pictures/FinalCad3.PNG> <./SlugnificantSeven/Pictures
/FinalCad4.PNG>]
File: SlugnificantSeven/Pictures/FinalCad4.PNG Graphic file (type png)
<use SlugnificantSeven/Pictures/FinalCad4.PNG>
Package pdftex.def Info: SlugnificantSeven/Pictures/FinalCad4.PNG  used on inpu
t line 357.
(pdftex.def)             Requested size: 289.07999pt x 270.64261pt.
 [27]
<SlugnificantSeven/Pictures/Obstruction.JPG, id=148, 4047.12pt x 3035.34pt>
File: SlugnificantSeven/Pictures/Obstruction.JPG Graphic file (type jpg)
<use SlugnificantSeven/Pictures/Obstruction.JPG>
Package pdftex.def Info: SlugnificantSeven/Pictures/Obstruction.JPG  used on in
put line 372.
(pdftex.def)             Requested size: 433.62pt x 325.18112pt.
<SlugnificantSeven/Pictures/BeaconHat.JPG, id=149, 3811.23875pt x 2859.68375pt>

File: SlugnificantSeven/Pictures/BeaconHat.JPG Graphic file (type jpg)
<use SlugnificantSeven/Pictures/BeaconHat.JPG>
Package pdftex.def Info: SlugnificantSeven/Pictures/BeaconHat.JPG  used on inpu
t line 382.
(pdftex.def)             Requested size: 433.62pt x 325.34409pt.

[28 <./SlugnificantSeven/Pictures/Obstruction.JPG>]
<SlugnificantSeven/Pictures/BeaconTracking.JPG, id=153, 4047.12pt x 3035.34pt>
File: SlugnificantSeven/Pictures/BeaconTracking.JPG Graphic file (type jpg)
<use SlugnificantSeven/Pictures/BeaconTracking.JPG>
Package pdftex.def Info: SlugnificantSeven/Pictures/BeaconTracking.JPG  used on
 input line 392.
(pdftex.def)             Requested size: 433.62pt x 325.18112pt.
 [29 <./SlugnificantSeven/Pictures/BeaconHat.JPG>]
<SlugnificantSeven/Pictures/SynchronousSampling.png, id=157, 640.3925pt x 464.7
3625pt>
File: SlugnificantSeven/Pictures/SynchronousSampling.png Graphic file (type png
)
<use SlugnificantSeven/Pictures/SynchronousSampling.png>
Package pdftex.def Info: SlugnificantSeven/Pictures/SynchronousSampling.png  us
ed on input line 408.
(pdftex.def)             Requested size: 320.19547pt x 232.36755pt.
 [30 <./SlugnificantSeven/Pictures/BeaconTracking.JPG>]
[31 <./SlugnificantSeven/Pictures/SynchronousSampling.png>] [32]
<SlugnificantSeven/Pictures/TopLevel.png, id=169, 474.77374pt x 332.24126pt>
File: SlugnificantSeven/Pictures/TopLevel.png Graphic file (type png)
<use SlugnificantSeven/Pictures/TopLevel.png>
Package pdftex.def Info: SlugnificantSeven/Pictures/TopLevel.png  used on input
 line 437.
(pdftex.def)             Requested size: 237.38629pt x 166.12021pt.
 [33]
<SlugnificantSeven/Pictures/IFZ_NOT_REACHED.png, id=173, 931.48pt x 482.80376pt
>
File: SlugnificantSeven/Pictures/IFZ_NOT_REACHED.png Graphic file (type png)
<use SlugnificantSeven/Pictures/IFZ_NOT_REACHED.png>
Package pdftex.def Info: SlugnificantSeven/Pictures/IFZ_NOT_REACHED.png  used o
n input line 447.
(pdftex.def)             Requested size: 465.73886pt x 241.40129pt.
 [34 <./SlugnificantSeven/Pictures/TopLevel.png> <./SlugnificantSeven/Pictures/
IFZ_NOT_REACHED.png>]
<SlugnificantSeven/Pictures/TapeDetected.png, id=179, 1056.94875pt x 603.25375p
t>
File: SlugnificantSeven/Pictures/TapeDetected.png Graphic file (type png)
<use SlugnificantSeven/Pictures/TapeDetected.png>
Package pdftex.def Info: SlugnificantSeven/Pictures/TapeDetected.png  used on i
nput line 456.
(pdftex.def)             Requested size: 475.62254pt x 271.46167pt.

Overfull \hbox (5.86752pt too wide) in paragraph at lines 456--459
 [][] 
 []

<SlugnificantSeven/Pictures/TapeFollow.png, id=180, 495.8525pt x 522.95375pt>
File: SlugnificantSeven/Pictures/TapeFollow.png Graphic file (type png)
<use SlugnificantSeven/Pictures/TapeFollow.png>
Package pdftex.def Info: SlugnificantSeven/Pictures/TapeFollow.png  used on inp
ut line 465.
(pdftex.def)             Requested size: 247.92564pt x 261.47623pt.
[35 <./SlugnificantSeven/Pictures/TapeDetected.png>]
<SlugnificantSeven/Pictures/ObstacleDetected.png, id=185, 827.09pt x 1105.12875
pt>
File: SlugnificantSeven/Pictures/ObstacleDetected.png Graphic file (type png)
<use SlugnificantSeven/Pictures/ObstacleDetected.png>
Package pdftex.def Info: SlugnificantSeven/Pictures/ObstacleDetected.png  used 
on input line 474.
(pdftex.def)             Requested size: 413.54398pt x 552.56303pt.
 [36 <./SlugnificantSeven/Pictures/TapeFollow.png>] [37 <./SlugnificantSeven/Pi
ctures/ObstacleDetected.png>]
<SlugnificantSeven/Pictures/IFZReached.png, id=195, 780.9175pt x 296.10625pt>
File: SlugnificantSeven/Pictures/IFZReached.png Graphic file (type png)
<use SlugnificantSeven/Pictures/IFZReached.png>
Package pdftex.def Info: SlugnificantSeven/Pictures/IFZReached.png  used on inp
ut line 490.
(pdftex.def)             Requested size: 390.4578pt x 148.05275pt.
<SlugnificantSeven/Pictures/Shoot.png, id=196, 570.13pt x 286.06876pt>
File: SlugnificantSeven/Pictures/Shoot.png Graphic file (type png)
<use SlugnificantSeven/Pictures/Shoot.png>
Package pdftex.def Info: SlugnificantSeven/Pictures/Shoot.png  used on input li
ne 499.
(pdftex.def)             Requested size: 285.0643pt x 143.03403pt.
 [38 <./SlugnificantSeven/Pictures/IFZReached.png>]
<SlugnificantSeven/Pictures/Digital_Beacon_Detector_Schematics.png, id=201, 110
8.14pt x 811.03pt>
File: SlugnificantSeven/Pictures/Digital_Beacon_Detector_Schematics.png Graphic
 file (type png)
<use SlugnificantSeven/Pictures/Digital_Beacon_Detector_Schematics.png>
Package pdftex.def Info: SlugnificantSeven/Pictures/Digital_Beacon_Detector_Sch
ematics.png  used on input line 517.
(pdftex.def)             Requested size: 443.24815pt x 324.40625pt.
 [39 <./SlugnificantSeven/Pictures/Shoot.png>] [40 <./SlugnificantSeven/Picture
s/Digital_Beacon_Detector_Schematics.png>]
<SlugnificantSeven/Pictures/Analog_Beacon_Detector_Schematics.jpg, id=210, 781.
63446pt x 585.04286pt>
File: SlugnificantSeven/Pictures/Analog_Beacon_Detector_Schematics.jpg Graphic 
file (type jpg)
<use SlugnificantSeven/Pictures/Analog_Beacon_Detector_Schematics.jpg>
Package pdftex.def Info: SlugnificantSeven/Pictures/Analog_Beacon_Detector_Sche
matics.jpg  used on input line 528.
(pdftex.def)             Requested size: 468.9843pt x 351.02843pt.
 [41 <./SlugnificantSeven/Pictures/Analog_Beacon_Detector_Schematics.jpg>]
<SlugnificantSeven/Pictures/Tape_Sensor_Schematics.jpg, id=214, 1840.8775pt x 1
226.5825pt>
File: SlugnificantSeven/Pictures/Tape_Sensor_Schematics.jpg Graphic file (type 
jpg)
<use SlugnificantSeven/Pictures/Tape_Sensor_Schematics.jpg>
Package pdftex.def Info: SlugnificantSeven/Pictures/Tape_Sensor_Schematics.jpg 
 used on input line 542.
(pdftex.def)             Requested size: 552.26752pt x 367.97758pt.

Overfull \hbox (82.5125pt too wide) in paragraph at lines 542--545
 [][] 
 []

[42 <./SlugnificantSeven/Pictures/Tape_Sensor_Schematics.jpg>] [43] (main.aux) 
) 
Here is how much of TeX's memory you used:
 4236 strings out of 492969
 67901 string characters out of 3135826
 144511 words of memory out of 3000000
 7993 multiletter control sequences out of 15000+200000
 7290 words of font info for 26 fonts, out of 3000000 for 9000
 1141 hyphenation exceptions out of 8191
 41i,7n,39p,2407b,311s stack positions out of 5000i,500n,10000p,200000b,50000s
<C:/Program Files/MiKTeX 2.9/fonts/type1/public/amsfonts/cm/cmbx10.pfb><C:/Pro
gram Files/MiKTeX 2.9/fonts/type1/public/amsfonts/cm/cmbx12.pfb><C:/Program Fil
es/MiKTeX 2.9/fonts/type1/public/amsfonts/cm/cmr10.pfb><C:/Program Files/MiKTeX
 2.9/fonts/type1/public/amsfonts/cm/cmr12.pfb><C:/Program Files/MiKTeX 2.9/font
s/type1/public/amsfonts/cm/cmr17.pfb><C:/Program Files/MiKTeX 2.9/fonts/type1/p
ublic/amsfonts/cm/cmsy10.pfb><C:/Program Files/MiKTeX 2.9/fonts/type1/public/am
sfonts/cm/cmsy7.pfb>
Output written on main.pdf (43 pages, 18773359 bytes).
PDF statistics:
 247 PDF objects out of 1000 (max. 8388607)
 0 named destinations out of 1000 (max. 500000)
 216 words of extra memory for PDF output out of 10000 (max. 10000000)

